19/07/2015, 10:51:25, 4, 0, :File not found.
19/07/2015, 10:51:25, 4, 0, :File not found.
21/07/2015, 14:53:40, 4, 0, D:\yuyu\Aplikasi\program andalan\kripik\jual.rpt:A date is required here.
21/07/2015, 14:54:01, 4, 0, D:\yuyu\Aplikasi\program andalan\kripik\jual.rpt:A date range is required here.
21/07/2015, 19:18:47, 4, 0, D:\yuyu\Aplikasi\program andalan\kripik\jual.rpt:The remaining text does not appear to be part of the formula.
21/07/2015, 19:19:33, 4, 0, D:\yuyu\Aplikasi\program andalan\kripik\jual.rpt:The remaining text does not appear to be part of the formula.
21/07/2015, 19:20:25, 4, 0, D:\yuyu\Aplikasi\program andalan\kripik\jual.rpt:The remaining text does not appear to be part of the formula.
21/07/2015, 19:23:49, 4, 0, D:\yuyu\Aplikasi\program andalan\kripik\jual.rpt:The remaining text does not appear to be part of the formula.
21/07/2015, 19:24:21, 4, 0, D:\yuyu\Aplikasi\program andalan\kripik\jual.rpt:The remaining text does not appear to be part of the formula.
21/07/2015, 19:25:23, 4, 0, D:\yuyu\Aplikasi\program andalan\kripik\jual.rpt:The ) is missing.
21/07/2015, 19:25:56, 4, 0, D:\yuyu\Aplikasi\program andalan\kripik\jual.rpt:The remaining text does not appear to be part of the formula.
21/07/2015, 19:26:21, 4, 0, D:\yuyu\Aplikasi\program andalan\kripik\jual.rpt:The ) is missing.
21/07/2015, 19:26:49, 4, 0, D:\yuyu\Aplikasi\program andalan\kripik\jual.rpt:The remaining text does not appear to be part of the formula.
21/07/2015, 20:49:15, 4, 0, D:\yuyu\Aplikasi\program andalan\kripik\jual.rpt:This date time literal was not understood.
21/07/2015, 20:49:29, 4, 0, D:\yuyu\Aplikasi\program andalan\kripik\jual.rpt:This date time literal was not understood.
21/07/2015, 20:57:50, 4, 0, D:\yuyu\Aplikasi\program andalan\kripik\beli.rpt:This field name is not known.
20/08/2015, 9:12:43, 4, 0, :File not found.
20/08/2015, 9:12:43, 4, 0, :File not found.
20/08/2015, 9:12:49, 4, 0, :File not found.
20/08/2015, 9:12:59, 4, 0, D:\yuyu\Aplikasi\program andalan\kripik baru\karyawan.rpt:This field name is not known.
20/08/2015, 9:13:12, 4, 0, D:\yuyu\Aplikasi\program andalan\kripik baru\karyawan.rpt:This field name is not known.
20/08/2015, 9:14:10, 4, 0, D:\yuyu\Aplikasi\program andalan\kripik baru\karyawan.rpt:A string is required here.
20/08/2015, 9:14:22, 4, 0, D:\yuyu\Aplikasi\program andalan\kripik baru\karyawan.rpt:A string is required here.
20/08/2015, 9:15:52, 4, 0, D:\yuyu\Aplikasi\program andalan\kripik baru\karyawan.rpt:This field name is not known.
20/08/2015, 9:18:57, 4, 0, D:\yuyu\Aplikasi\program andalan\kripik baru\karyawan.rpt:This field name is not known.
20/08/2015, 9:19:50, 4, 0, D:\yuyu\Aplikasi\program andalan\kripik baru\karyawan.rpt:The ) is missing.
20/08/2015, 9:20:04, 4, 0, D:\yuyu\Aplikasi\program andalan\kripik baru\karyawan.rpt:The remaining text does not appear to be part of the formula.
20/08/2015, 9:20:18, 4, 0, D:\yuyu\Aplikasi\program andalan\kripik baru\karyawan.rpt:A string is required here.
20/08/2015, 9:26:04, 4, 0, D:\yuyu\Aplikasi\program andalan\kripik baru\karyawan.rpt:The matching " for this string is missing.
20/08/2015, 9:28:25, 4, 0, D:\yuyu\Aplikasi\program andalan\kripik baru\terlaris.rpt:This field name is not known.
20/08/2015, 9:28:56, 4, 0, D:\yuyu\Aplikasi\program andalan\kripik baru\terlaris.rpt:A number is required here.
12/09/2015, 6:58:56, 4, 0, D:\yuyu\Aplikasi\program andalan\kripik terbaru\beli.rpt:Page Header plus Page Footer is too large for the page.
06-Aug-16, 11:10:23 AM, 4, 0, :File not found.
06-Aug-16, 11:10:23 AM, 4, 0, :File not found.
5/19/2017, 2:08:05 PM, 4, 0, \\richard\program\Toko-temp\laporanpembayaran.rpt:Server has not yet been opened.
5/19/2017, 2:08:11 PM, 4, 0, \\richard\program\Toko-temp\laporanpembayaran.rpt:Server has not yet been opened.
